app/seeds.txt
com.freshfastfood.activity.ItemDetailsActivity_ViewBinding
com.freshfastfood.activity.PaypalActivity
com.freshfastfood.activity.ProfileActivity_ViewBinding: ProfileActivity_ViewBinding(com.freshfastfood.activity.ProfileActivity,android.view.View)
com.freshfastfood.model.ResultHome: java.util.List productItems
com.freshfastfood.model.Couponlist: java.lang.String mCdate
com.freshfastfood.utils.AutoScrollViewPager: AutoScrollViewPager(android.content.Context)
com.freshfastfood.model.CatItem: java.lang.String mCatimg
com.freshfastfood.fragment.AddressFragment_ViewBinding
com.freshfastfood.model.SubcatItem
com.freshfastfood.model.User: java.lang.String name
com.freshfastfood.model.Address: java.lang.String pincode
com.freshfastfood.model.CatItem: java.lang.String count
com.freshfastfood.model.MyOrder: java.util.List mProductinfo
com.freshfastfood.activity.MyOrderListActivity
com.freshfastfood.model.RestResponse: java.lang.String mResponseCode
com.freshfastfood.activity.PopRatesActivity: void onViewClicked(android.view.View)
com.freshfastfood.fragment.OrderSumrryFragment$ItemAdp$ViewHolder_ViewBinding
com.freshfastfood.activity.InfoActivity: void onClick(android.view.View)
com.freshfastfood.model.BannerItem: java.lang.String mId
com.freshfastfood.model.SubcatItem: java.lang.String count
com.freshfastfood.model.CCode: java.lang.String mStatus
com.freshfastfood.activity.RatesActivity_ViewBinding
com.freshfastfood.activity.ChanegPasswordActivity_ViewBinding: ChanegPasswordActivity_ViewBinding(com.freshfastfood.activity.ChanegPasswordActivity,android.view.View)
com.freshfastfood.model.Payment: java.lang.String mResponseMsg
com.freshfastfood.model.Noti: java.lang.String date
com.freshfastfood.model.OrderDatum: java.lang.String totalamt
com.freshfastfood.model.UpdateAddress: java.lang.String mResponseMsg
com.freshfastfood.model.Times: java.util.List mData
com.freshfastfood.utils.AutoScrollViewPager: AutoScrollViewPager(android.content.Context,android.util.AttributeSet)
com.freshfastfood.model.MyOrder: java.lang.String mOrderDate
com.freshfastfood.model.TimeDatum: java.lang.String mId
com.freshfastfood.activity.FeedBackActivity: FeedBackActivity()
com.freshfastfood.model.Category: java.util.List mData
com.freshfastfood.model.AreaD
com.freshfastfood.model.PaymentItem: java.lang.String mCredTitle
com.freshfastfood.activity.VerifyPhoneActivity: VerifyPhoneActivity()
com.freshfastfood.activity.VerifyPhoneActivity_ViewBinding: VerifyPhoneActivity_ViewBinding(com.freshfastfood.activity.VerifyPhoneActivity,android.view.View)
com.freshfastfood.model.Noti
com.freshfastfood.adepter.ReletedItemDaynamicAdp$ViewHolder_ViewBinding: ReletedItemDaynamicAdp$ViewHolder_ViewBinding(com.freshfastfood.adepter.ReletedItemDaynamicAdp$ViewHolder,android.view.View)
com.freshfastfood.activity.TramsAndConditionActivity: TramsAndConditionActivity()
com.freshfastfood.fragment.PopularFragment_ViewBinding: PopularFragment_ViewBinding(com.freshfastfood.fragment.PopularFragment,android.view.View)
com.freshfastfood.activity.RatesActivity: void onViewClicked(android.view.View)
com.freshfastfood.model.Contry: java.lang.String mResponseMsg
com.freshfastfood.model.OrderDatum: java.lang.String mOid
com.freshfastfood.model.Address
com.freshfastfood.model.ProductItem: java.lang.String mSellerName
com.freshfastfood.model.LoginUser
com.freshfastfood.activity.MyOrderListActivity_ViewBinding
com.freshfastfood.model.Contry: java.lang.String mResult
com.freshfastfood.model.BannerItem: java.lang.String cid
com.freshfastfood.model.User: java.lang.String pincode
com.freshfastfood.activity.PrivecyPolicyActivity_ViewBinding
com.freshfastfood.adepter.CouponAdp$MyViewHolder_ViewBinding
com.freshfastfood.model.Address: java.lang.String id
com.freshfastfood.fragment.PlaceOrderFragment_ViewBinding: PlaceOrderFragment_ViewBinding(com.freshfastfood.fragment.PlaceOrderFragment,android.view.View)
...
com.razorpay.R$attr: int navigationContentDescription
com.google.android.material.R$styleable: int NavigationView_headerLayout
com.razorpay.R$attr: int paddingBottomNoButtons
com.google.android.material.tabs.TabLayout: int getTabScrollRange()
com.merhold.extensiblepageindicator.R$styleable: int TextAppearance_android_shadowDy
com.razorpay.R$styleable: int ActionBar_navigationMode
com.merhold.extensiblepageindicator.R$styleable: int DrawerArrowToggle_arrowShaftLength
com.google.android.material.tabs.TabLayout$TabView: com.google.android.material.tabs.TabLayout$Tab getTab()
com.razorpay.AnalyticsEvent: com.razorpay.AnalyticsEvent CHECKOUT_TLS_ERROR
com.razorpay.Y$_o$$7: void R$$r_()
com.google.android.material.R$string: int abc_shareactionprovider_share_with_application
com.razorpay.CircularProgressView$6: void onAnimationUpdate(android.animation.ValueAnimator)
com.google.android.material.button.MaterialButton: void setBackgroundTintList(android.content.res.ColorStateList)
com.google.android.material.bottomappbar.BottomAppBar: void setCradleVerticalOffset(float)
com.razorpay.AnalyticsConstants: java.lang.String EXTRACT
com.google.android.material.R$styleable: int SearchView_queryHint
com.razorpay.R$attr: int height
com.razorpay.PluginOtpElfCheckoutPresenterImpl: void setCheckoutBody(java.lang.String)
androidx.appcompat.R$styleable: int LinearLayoutCompat_showDividers
com.google.android.material.R$dimen: int mtrl_fab_translation_z_pressed
androidx.appcompat.widget.AppCompatRadioButton: void setSupportButtonTintMode(android.graphics.PorterDuff$Mode)
androidx.appcompat.R$style: int Widget_AppCompat_Light_ActionBar_TabView
com.razorpay.Checkout$Builder: boolean R$$r_
butterknife.R$styleable: int FontFamilyFont_android_ttcIndex
butterknife.R$styleable: int[] GradientColorItem
androidx.appcompat.R$style: int Base_Widget_AppCompat_SearchView
com.google.android.material.R$dimen: int abc_control_padding_material
com.razorpay.AnalyticsConstants: java.lang.String PRELOAD_ABORT_DURATION
com.razorpay.AnalyticsUtil: java.util.Map getPageLoadStartProperties(java.lang.String)
com.google.android.material.R$drawable: int abc_ic_clear_material
com.razorpay.r$_Y_: java.lang.String f$_G$
com.paypal.android.sdk.payments.PaymentConfirmation: android.os.Parcelable$Creator CREATOR
androidx.appcompat.R$attr: int textAppearanceListItem
com.razorpay.O_$B_: boolean setOptions(android.os.Bundle,boolean)
com.google.android.material.R$styleable: int AppCompatTheme_popupWindowStyle
androidx.recyclerview.widget.RecyclerView: void invalidateItemDecorations()
com.google.android.gms.measurement.internal.AppMeasurementDynamiteService: void setCurrentScreen(com.google.android.gms.dynamic.IObjectWrapper,java.lang.String,java.lang.String,long)
androidx.appcompat.R$drawable: int abc_btn_radio_material_anim
com.razorpay.R$color: int abc_tint_seek_thumb
butterknife.R$id: int action_container
com.google.android.material.R$dimen: int mtrl_calendar_header_text_padding
androidx.appcompat.widget.AppCompatAutoCompleteTextView: void setSupportBackgroundTintMode(android.graphics.PorterDuff$Mode)
com.razorpay.R$style: int Widget_AppCompat_ButtonBar
com.razorpay.Checkout: android.app.Activity B$$W$
com.google.android.material.R$dimen: int design_textinput_caption_translate_y
com.google.android.material.R$style: int Base_TextAppearance_AppCompat_Display3
com.google.android.material.floatingactionbutton.ExtendedFloatingActionButton: com.google.android.material.animation.MotionSpec getShrinkMotionSpec()
androidx.appcompat.R$styleable: int Toolbar_titleMargin
com.razorpay.R$color: int bright_foreground_disabled_material_light
com.razorpay.R$attr: int numericModifiers
com.google.android.material.R$style: int Theme_MaterialComponents_Dialog_Bridge
com.google.android.material.R$styleable: int PopupWindowBackgroundState_state_above_anchor
com.merhold.extensiblepageindicator.R$dimen: int abc_text_size_subhead_material
com.razorpay.BuildConfig: java.lang.String VERSION_NAME