app/unused.txt
com.freshfastfood.model.Times:
    public void setData(java.util.List)
    public java.lang.String getResponseCode()
    public void setResponseCode(java.lang.String)
    public java.lang.String getResponseMsg()
    public void setResponseMsg(java.lang.String)
    public java.lang.String getResult()
    public void setResult(java.lang.String)
com.freshfastfood.model.PaymentItem:
    public void setCredTitle(java.lang.String)
    public void setCredValue(java.lang.String)
    public java.lang.String getId()
    public void setId(java.lang.String)
    public void setImg(java.lang.String)
    public java.lang.String getStatus()
    public void setStatus(java.lang.String)
    public void setTitle(java.lang.String)
com.freshfastfood.retrofit.APIClient:
    public void <init>()
    public static final java.lang.String APPEND_URL
com.freshfastfood.activity.VerifyPhoneActivity_ViewBinding:
    public void <init>(com.freshfastfood.activity.VerifyPhoneActivity)
com.freshfastfood.activity.SelectAreaActivity_ViewBinding:
    public void <init>(com.freshfastfood.activity.SelectAreaActivity)
com.freshfastfood.utils.MemoryCache
com.freshfastfood.activity.HomeActivity:
    public android.widget.EditText passThisEditText()
com.freshfastfood.R$interpolator
com.freshfastfood.R$anim
com.freshfastfood.model.LoginUser:
    public int getdCharge()
    public void setdCharge(int)
    public java.lang.String getResponseCode()
    public void setResponseCode(java.lang.String)
    public void setResponseMsg(java.lang.String)
    public void setResult(java.lang.String)
    public void setUser(com.freshfastfood.model.User)
com.freshfastfood.R$drawable
com.freshfastfood.activity.SingActivity_ViewBinding:
    public void <init>(com.freshfastfood.activity.SingActivity)
com.freshfastfood.utils.ImageLoader$PhotosLoader
com.freshfastfood.database.MyCart:
    public java.lang.String getId()
com.freshfastfood.utils.ImageLoader
com.freshfastfood.R$animator
com.freshfastfood.fragment.SubCategoryFragment:
    public static com.freshfastfood.fragment.SubCategoryFragment newInstance(java.lang.String,java.lang.String)
    public void onLongClickItem(android.view.View,int)
com.freshfastfood.activity.FeedBackActivity_ViewBinding:
    public void <init>(com.freshfastfood.activity.FeedBackActivity)
com.freshfastfood.activity.ProfileActivity:
    public static boolean isEmailValid(java.lang.String)
com.freshfastfood.model.BannerItem:
    public void setCid(java.lang.String)
    public void setBimg(java.lang.String)
    public java.lang.String getId()
    public void setId(java.lang.String)
com.freshfastfood.R$string
com.freshfastfood.fragment.CategoryFragment:
    public static com.freshfastfood.fragment.CategoryFragment newInstance(java.lang.String,java.lang.String)
    public void onLongClickItem(android.view.View,int)
    private static final java.lang.String ARG_PARAM1
    private static final java.lang.String ARG_PARAM2
com.freshfastfood.model.Price:
    public void setProductPrice(java.lang.String)
    public void setProductType(java.lang.String)
com.freshfastfood.fragment.PlaceOrderFragment:
    public static com.freshfastfood.fragment.PlaceOrderFragment newInstance(java.lang.String,java.lang.String)
    private static final java.lang.String ARG_PARAM1
    private static final java.lang.String ARG_PARAM2
com.freshfastfood.model.CatItem:
    public void setCount(java.lang.String)
    public void setCatimg(java.lang.String)
    public void setCatname(java.lang.String)
    public void setId(java.lang.String)
com.freshfastfood.model.DynamicData:
    public void setTitle(java.lang.String)
    public void setDynamicItems(java.util.List)
com.freshfastfood.model.OrderDatum:
    public void setTotalamt(java.lang.String)
    public void setId(java.lang.String)
    public java.lang.String getOid()
    public void setOid(java.lang.String)
    public java.lang.String getOrderDate()
    public void setOrderDate(java.lang.String)
...
com.google.firebase.installations.local.IidStore:
    public void <init>(android.content.SharedPreferences,java.lang.String)
    private static final java.lang.String IID_SHARED_PREFS_NAME
    private static final java.lang.String STORE_KEY_PUB
    private static final java.lang.String STORE_KEY_ID
    private static final java.lang.String STORE_KEY_TOKEN
    private static final java.lang.String STORE_KEY_SEPARATOR
    private static final java.lang.String JSON_TOKEN_KEY
    private static final java.lang.String JSON_ENCODED_PREFIX
com.google.firebase.auth.ActionCodeResult
com.crashlytics.android.core.CrashTest$1
com.google.android.gms.dynamic.FragmentWrapper
com.bumptech.glide.request.target.ViewTarget:
    public void <init>(android.view.View,boolean)
    public static void setTagId(int)
    public final com.bumptech.glide.request.target.ViewTarget clearOnDetach()
    void resumeMyRequest()
    void pauseMyRequest()
    public final com.bumptech.glide.request.target.ViewTarget waitForLayout()
    public android.view.View getView()
    private static final java.lang.String TAG
com.google.firebase.auth.api.internal.zzdm
androidx.core.widget.ListViewCompat:
    public static boolean canScrollList(android.widget.ListView,int)
    private void <init>()
androidx.viewpager2.adapter.FragmentStateAdapter$FragmentMaxLifecycleEnforcer:
    void <init>(androidx.viewpager2.adapter.FragmentStateAdapter)
    private androidx.viewpager2.widget.ViewPager2 inferViewPager(androidx.recyclerview.widget.RecyclerView)
    void register(androidx.recyclerview.widget.RecyclerView)
    void unregister(androidx.recyclerview.widget.RecyclerView)
    private androidx.viewpager2.widget.ViewPager2$OnPageChangeCallback mPageChangeCallback
    private androidx.recyclerview.widget.RecyclerView$AdapterDataObserver mDataObserver
    private androidx.lifecycle.LifecycleEventObserver mLifecycleObserver
    private androidx.viewpager2.widget.ViewPager2 mViewPager
    private long mPrimaryItemId
    final synthetic androidx.viewpager2.adapter.FragmentStateAdapter this$0
com.google.android.gms.common.FirstPartyScopes
androidx.transition.Styleable$TransitionSet
com.google.firebase.auth.zzq
androidx.viewpager2.adapter.StatefulAdapter
androidx.core.view.ViewCompat$FocusRealDirection
com.google.android.gms.common.zab
com.google.android.gms.common.config.zza
androidx.browser.browseractions.BrowserActionsIntent$BrowserActionsFallDialogListener
com.google.android.gms.common.internal.GmsLogger:
    private final varargs java.lang.String zza(java.lang.String,java.lang.Object[])
    public final boolean canLogPii()
    public final void d(java.lang.String,java.lang.String,java.lang.Throwable)
    public final void v(java.lang.String,java.lang.String,java.lang.Throwable)
    public final void i(java.lang.String,java.lang.String)
    public final void i(java.lang.String,java.lang.String,java.lang.Throwable)
    public final void w(java.lang.String,java.lang.String)
    public final void w(java.lang.String,java.lang.String,java.lang.Throwable)
    public final varargs void wfmt(java.lang.String,java.lang.String,java.lang.Object[])
    public final varargs void efmt(java.lang.String,java.lang.String,java.lang.Object[])
    public final void wtf(java.lang.String,java.lang.String,java.lang.Throwable)
    public final void pii(java.lang.String,java.lang.String)
    public final void pii(java.lang.String,java.lang.String,java.lang.Throwable)
com.google.android.gms.common.api.internal.ListenerHolders:
    public final com.google.android.gms.common.api.internal.ListenerHolder zaa(java.lang.Object,android.os.Looper,java.lang.String)
com.google.android.gms.common.api.internal.BasePendingResult$CallbackHandler:
    public void <init>()
okhttp3.Call:
    public abstract okhttp3.Response execute()
    public abstract boolean isExecuted()
    public abstract okio.Timeout timeout()
    public abstract okhttp3.Call clone()
com.paypal.android.sdk.bn:
    public void a()